This is pdfTeX, Version 3.14159265-2.6-1.40.20 (MiKTeX 2.9.7140 64-bit) (preloaded format=pdflatex 2019.9.17)  24 SEP 2019 11:08
entering extended mode
**./Tarea.2.tex
(Tarea.2.tex
LaTeX2e <2018-12-01>

("C:\Users\Oscar Altamirano\AppData\Local\Programs\MiKTeX 2.9\tex/latex/base\ar
ticle.cls"
Document Class: article 2018/09/03 v1.4i Standard LaTeX document class

("C:\Users\Oscar Altamirano\AppData\Local\Programs\MiKTeX 2.9\tex/latex/base\si
ze12.clo"
File: size12.clo 2018/09/03 v1.4i Standard LaTeX file (size option)
)
\c@part=\count80
\c@section=\count81
\c@subsection=\count82
\c@subsubsection=\count83
\c@paragraph=\count84
\c@subparagraph=\count85
\c@figure=\count86
\c@table=\count87
\abovecaptionskip=\skip41
\belowcaptionskip=\skip42
\bibindent=\dimen102
)
("C:\Users\Oscar Altamirano\AppData\Local\Programs\MiKTeX 2.9\tex/latex/base\fo
ntenc.sty"
Package: fontenc 2018/08/11 v2.0j Standard LaTeX package

("C:\Users\Oscar Altamirano\AppData\Local\Programs\MiKTeX 2.9\tex/latex/base\t1
enc.def"
File: t1enc.def 2018/08/11 v2.0j Standard LaTeX file
LaTeX Font Info:    Redeclaring font encoding T1 on input line 48.
))
("C:\Users\Oscar Altamirano\AppData\Local\Programs\MiKTeX 2.9\tex/latex/base\in
putenc.sty"
Package: inputenc 2018/08/11 v1.3c Input encoding file
\inpenc@prehook=\toks14
\inpenc@posthook=\toks15
)
("C:\Users\Oscar Altamirano\AppData\Local\Programs\MiKTeX 2.9\tex/generic/babel
\babel.sty"
Package: babel 2019/07/19 3.33 The Babel package

("C:\Users\Oscar Altamirano\AppData\Local\Programs\MiKTeX 2.9\tex/generic/babel
\switch.def"
File: switch.def 2019/07/19 3.33 Babel switching mechanism
)
*************************************
* Local config file bblopts.cfg used
*

("C:\Users\Oscar Altamirano\AppData\Local\Programs\MiKTeX 2.9\tex/latex/arabi\b
blopts.cfg"
File: bblopts.cfg 2005/09/08 v0.1 add Arabic and Farsi to "declared" options of
 babel
)
("C:\Users\Oscar Altamirano\AppData\Local\Programs\MiKTeX 2.9\tex/latex/babel-s
panish\spanish.ldf"
Language: spanish.ldf 2016/03/03 v5.0p Spanish support from the babel system

("C:\Users\Oscar Altamirano\AppData\Local\Programs\MiKTeX 2.9\tex/generic/babel
\babel.def"
File: babel.def 2019/07/19 3.33 Babel common definitions
\babel@savecnt=\count88
\U@D=\dimen103

("C:\Users\Oscar Altamirano\AppData\Local\Programs\MiKTeX 2.9\tex/generic/babel
\txtbabel.def")
\bbl@dirlevel=\count89
)
\es@quottoks=\toks16
\es@quotdepth=\count90
Package babel Info: Making " an active character on input line 561.
Package babel Info: Making . an active character on input line 662.
Package babel Info: Making < an active character on input line 707.
Package babel Info: Making > an active character on input line 707.
))
("C:\Users\Oscar Altamirano\AppData\Local\Programs\MiKTeX 2.9\tex/latex/graphic
s\graphicx.sty"
Package: graphicx 2017/06/01 v1.1a Enhanced LaTeX Graphics (DPC,SPQR)

("C:\Users\Oscar Altamirano\AppData\Local\Programs\MiKTeX 2.9\tex/latex/graphic
s\keyval.sty"
Package: keyval 2014/10/28 v1.15 key=value parser (DPC)
\KV@toks@=\toks17
)
("C:\Users\Oscar Altamirano\AppData\Local\Programs\MiKTeX 2.9\tex/latex/graphic
s\graphics.sty"
Package: graphics 2017/06/25 v1.2c Standard LaTeX Graphics (DPC,SPQR)

("C:\Users\Oscar Altamirano\AppData\Local\Programs\MiKTeX 2.9\tex/latex/graphic
s\trig.sty"
Package: trig 2016/01/03 v1.10 sin cos tan (DPC)
)
("C:\Users\Oscar Altamirano\AppData\Local\Programs\MiKTeX 2.9\tex/latex/graphic
s-cfg\graphics.cfg"
File: graphics.cfg 2016/06/04 v1.11 sample graphics configuration
)
Package graphics Info: Driver file: pdftex.def on input line 99.

("C:\Users\Oscar Altamirano\AppData\Local\Programs\MiKTeX 2.9\tex/latex/graphic
s-def\pdftex.def"
File: pdftex.def 2018/01/08 v1.0l Graphics/color driver for pdftex
))
\Gin@req@height=\dimen104
\Gin@req@width=\dimen105
)
("C:\Users\Oscar Altamirano\AppData\Local\Programs\MiKTeX 2.9\tex/latex/amsmath
\amsmath.sty"
Package: amsmath 2018/12/01 v2.17b AMS math features
\@mathmargin=\skip43

For additional information on amsmath, use the `?' option.

("C:\Users\Oscar Altamirano\AppData\Local\Programs\MiKTeX 2.9\tex/latex/amsmath
\amstext.sty"
Package: amstext 2000/06/29 v2.01 AMS text

("C:\Users\Oscar Altamirano\AppData\Local\Programs\MiKTeX 2.9\tex/latex/amsmath
\amsgen.sty"
File: amsgen.sty 1999/11/30 v2.0 generic functions
\@emptytoks=\toks18
\ex@=\dimen106
))
("C:\Users\Oscar Altamirano\AppData\Local\Programs\MiKTeX 2.9\tex/latex/amsmath
\amsbsy.sty"
Package: amsbsy 1999/11/29 v1.2d Bold Symbols
\pmbraise@=\dimen107
)
("C:\Users\Oscar Altamirano\AppData\Local\Programs\MiKTeX 2.9\tex/latex/amsmath
\amsopn.sty"
Package: amsopn 2016/03/08 v2.02 operator names
)
\inf@bad=\count91
LaTeX Info: Redefining \frac on input line 223.
\uproot@=\count92
\leftroot@=\count93
LaTeX Info: Redefining \overline on input line 385.
\classnum@=\count94
\DOTSCASE@=\count95
LaTeX Info: Redefining \ldots on input line 482.
LaTeX Info: Redefining \dots on input line 485.
LaTeX Info: Redefining \cdots on input line 606.
\Mathstrutbox@=\box27
\strutbox@=\box28
\big@size=\dimen108
LaTeX Font Info:    Redeclaring font encoding OML on input line 729.
LaTeX Font Info:    Redeclaring font encoding OMS on input line 730.
\macc@depth=\count96
\c@MaxMatrixCols=\count97
\dotsspace@=\muskip10
\c@parentequation=\count98
\dspbrk@lvl=\count99
\tag@help=\toks19
\row@=\count100
\column@=\count101
\maxfields@=\count102
\andhelp@=\toks20
\eqnshift@=\dimen109
\alignsep@=\dimen110
\tagshift@=\dimen111
\tagwidth@=\dimen112
\totwidth@=\dimen113
\lineht@=\dimen114
\@envbody=\toks21
\multlinegap=\skip44
\multlinetaggap=\skip45
\mathdisplay@stack=\toks22
LaTeX Info: Redefining \[ on input line 2844.
LaTeX Info: Redefining \] on input line 2845.
) (Tarea.2.aux
LaTeX Info: Redefining \. on input line 6.
LaTeX Info: Redefining \% on input line 6.
)
\openout1 = `Tarea.2.aux'.

LaTeX Font Info:    Checking defaults for OML/cmm/m/it on input line 10.
LaTeX Font Info:    ... okay on input line 10.
LaTeX Font Info:    Checking defaults for T1/cmr/m/n on input line 10.
LaTeX Font Info:    ... okay on input line 10.
LaTeX Font Info:    Checking defaults for OT1/cmr/m/n on input line 10.
LaTeX Font Info:    ... okay on input line 10.
LaTeX Font Info:    Checking defaults for OMS/cmsy/m/n on input line 10.
LaTeX Font Info:    ... okay on input line 10.
LaTeX Font Info:    Checking defaults for OMX/cmex/m/n on input line 10.
LaTeX Font Info:    ... okay on input line 10.
LaTeX Font Info:    Checking defaults for U/cmr/m/n on input line 10.
LaTeX Font Info:    ... okay on input line 10.
LaTeX Info: Redefining \. on input line 10.
LaTeX Info: Redefining \% on input line 10.

("C:\Users\Oscar Altamirano\AppData\Local\Programs\MiKTeX 2.9\tex/context/base/
mkii\supp-pdf.mkii"
[Loading MPS to PDF converter (version 2006.09.02).]
\scratchcounter=\count103
\scratchdimen=\dimen115
\scratchbox=\box29
\nofMPsegments=\count104
\nofMParguments=\count105
\everyMPshowfont=\toks23
\MPscratchCnt=\count106
\MPscratchDim=\dimen116
\MPnumerator=\count107
\makeMPintoPDFobject=\count108
\everyMPtoPDFconversion=\toks24
)
("C:\Users\Oscar Altamirano\AppData\Local\Programs\MiKTeX 2.9\tex/latex/oberdie
k\epstopdf-base.sty"
Package: epstopdf-base 2016/05/15 v2.6 Base part for package epstopdf

("C:\Users\Oscar Altamirano\AppData\Local\Programs\MiKTeX 2.9\tex/generic/oberd
iek\infwarerr.sty"
Package: infwarerr 2016/05/16 v1.4 Providing info/warning/error messages (HO)
)
("C:\Users\Oscar Altamirano\AppData\Local\Programs\MiKTeX 2.9\tex/latex/oberdie
k\grfext.sty"
Package: grfext 2016/05/16 v1.2 Manage graphics extensions (HO)

("C:\Users\Oscar Altamirano\AppData\Local\Programs\MiKTeX 2.9\tex/generic/oberd
iek\kvdefinekeys.sty"
Package: kvdefinekeys 2016/05/16 v1.4 Define keys (HO)

("C:\Users\Oscar Altamirano\AppData\Local\Programs\MiKTeX 2.9\tex/generic/oberd
iek\ltxcmds.sty"
Package: ltxcmds 2016/05/16 v1.23 LaTeX kernel commands for general use (HO)
)))
("C:\Users\Oscar Altamirano\AppData\Local\Programs\MiKTeX 2.9\tex/latex/oberdie
k\kvoptions.sty"
Package: kvoptions 2016/05/16 v3.12 Key value format for package options (HO)

("C:\Users\Oscar Altamirano\AppData\Local\Programs\MiKTeX 2.9\tex/generic/oberd
iek\kvsetkeys.sty"
Package: kvsetkeys 2016/05/16 v1.17 Key value parser (HO)

("C:\Users\Oscar Altamirano\AppData\Local\Programs\MiKTeX 2.9\tex/generic/oberd
iek\etexcmds.sty"
Package: etexcmds 2016/05/16 v1.6 Avoid name clashes with e-TeX commands (HO)

("C:\Users\Oscar Altamirano\AppData\Local\Programs\MiKTeX 2.9\tex/generic/oberd
iek\ifluatex.sty"
Package: ifluatex 2016/05/16 v1.4 Provides the ifluatex switch (HO)
Package ifluatex Info: LuaTeX not detected.
))))
("C:\Users\Oscar Altamirano\AppData\Local\Programs\MiKTeX 2.9\tex/generic/oberd
iek\pdftexcmds.sty"
Package: pdftexcmds 2019/07/25 v0.30 Utility functions of pdfTeX for LuaTeX (HO
)

("C:\Users\Oscar Altamirano\AppData\Local\Programs\MiKTeX 2.9\tex/generic/oberd
iek\ifpdf.sty"
Package: ifpdf 2018/09/07 v3.3 Provides the ifpdf switch
)
Package pdftexcmds Info: LuaTeX not detected.
Package pdftexcmds Info: \pdf@primitive is available.
Package pdftexcmds Info: \pdf@ifprimitive is available.
Package pdftexcmds Info: \pdfdraftmode found.
)
Package epstopdf-base Info: Redefining graphics rule for `.eps' on input line 4
38.
Package grfext Info: Graphics extension search list:
(grfext)             [.pdf,.png,.jpg,.mps,.jpeg,.jbig2,.jb2,.PDF,.PNG,.JPG,.JPE
G,.JBIG2,.JB2,.eps]
(grfext)             \AppendGraphicsExtensions on input line 456.
)
<../../../FotosdeLatex/LOGO.jpg, id=1, 155.83218pt x 180.675pt>
File: ../../../FotosdeLatex/LOGO.jpg Graphic file (type jpg)
<use ../../../FotosdeLatex/LOGO.jpg>
Package pdftex.def Info: ../../../FotosdeLatex/LOGO.jpg  used on input line 15.

(pdftex.def)             Requested size: 155.8318pt x 180.67455pt.
 [1

{C:/Users/Oscar Altamirano/AppData/Local/MiKTeX/2.9/pdftex/config/pdftex.map} <
../../../FotosdeLatex/LOGO.jpg>]
<../../../FotosdeLatex/Captura1.PNG, id=9, 326.72063pt x 222.07968pt>
File: ../../../FotosdeLatex/Captura1.PNG Graphic file (type png)
<use ../../../FotosdeLatex/Captura1.PNG>
Package pdftex.def Info: ../../../FotosdeLatex/Captura1.PNG  used on input line
 26.
(pdftex.def)             Requested size: 341.43306pt x 232.07906pt.

Underfull \hbox (badness 10000) in paragraph at lines 19--28

 []


Underfull \hbox (badness 10000) in paragraph at lines 19--28

 []


Underfull \hbox (badness 10000) in paragraph at lines 19--28

 []

[2 <../../../FotosdeLatex/Captura1.PNG>]

LaTeX Warning: Citation `cartagena992016' on page 3 undefined on input line 32.


<../../../FotosdeLatex/Captura2.PNG, id=16, 206.27063pt x 181.42781pt>
File: ../../../FotosdeLatex/Captura2.PNG Graphic file (type png)
<use ../../../FotosdeLatex/Captura2.PNG>
Package pdftex.def Info: ../../../FotosdeLatex/Captura2.PNG  used on input line
 72.
(pdftex.def)             Requested size: 142.26378pt x 125.12996pt.
<../../../FotosdeLatex/Captura3.PNG, id=17, 213.79875pt x 199.49532pt>
File: ../../../FotosdeLatex/Captura3.PNG Graphic file (type png)
<use ../../../FotosdeLatex/Captura3.PNG>
Package pdftex.def Info: ../../../FotosdeLatex/Captura3.PNG  used on input line
 115.
(pdftex.def)             Requested size: 142.26378pt x 132.74489pt.

Underfull \hbox (badness 10000) in paragraph at lines 32--116

 []


Underfull \hbox (badness 10000) in paragraph at lines 32--116

 []


Underfull \hbox (badness 10000) in paragraph at lines 32--116

 []


Underfull \hbox (badness 10000) in paragraph at lines 32--116

 []


Underfull \hbox (badness 10000) in paragraph at lines 32--116

 []


Underfull \hbox (badness 10000) in paragraph at lines 32--116

 []


Underfull \hbox (badness 10000) in paragraph at lines 32--116

 []


Underfull \hbox (badness 10000) in paragraph at lines 32--116

 []

[3 <../../../FotosdeLatex/Captura2.PNG> <../../../FotosdeLatex/Captura3.PNG>]
<../../../FotosdeLatex/Captura4.PNG, id=28, 237.13594pt x 213.79875pt>
File: ../../../FotosdeLatex/Captura4.PNG Graphic file (type png)
<use ../../../FotosdeLatex/Captura4.PNG>
Package pdftex.def Info: ../../../FotosdeLatex/Captura4.PNG  used on input line
 159.
(pdftex.def)             Requested size: 142.26378pt x 128.26718pt.
<../../../FotosdeLatex/Captura5.PNG, id=29, 385.44pt x 76.03406pt>
File: ../../../FotosdeLatex/Captura5.PNG Graphic file (type png)
<use ../../../FotosdeLatex/Captura5.PNG>
Package pdftex.def Info: ../../../FotosdeLatex/Captura5.PNG  used on input line
 259.
(pdftex.def)             Requested size: 385.43906pt x 76.03386pt.

Underfull \hbox (badness 10000) in paragraph at lines 118--260

 []


Underfull \hbox (badness 10000) in paragraph at lines 118--260

 []


Underfull \hbox (badness 10000) in paragraph at lines 118--260

 []


Underfull \hbox (badness 10000) in paragraph at lines 118--260

 []


Underfull \hbox (badness 10000) in paragraph at lines 118--260

 []


Underfull \hbox (badness 10000) in paragraph at lines 118--260

 []


Underfull \hbox (badness 10000) in paragraph at lines 118--260

 []


Underfull \hbox (badness 10000) in paragraph at lines 118--260

 []


Underfull \hbox (badness 10000) in paragraph at lines 118--260

 []


Underfull \hbox (badness 10000) in paragraph at lines 118--260

 []

[4 <../../../FotosdeLatex/Captura4.PNG> <../../../FotosdeLatex/Captura5.PNG>]
(Tarea.2.bbl

LaTeX Warning: Empty `thebibliography' environment on input line 3.

) [5] (Tarea.2.aux
LaTeX Info: Redefining \. on input line 6.
LaTeX Info: Redefining \% on input line 6.
)

LaTeX Warning: There were undefined references.

 ) 
Here is how much of TeX's memory you used:
 3254 strings out of 492895
 45549 string characters out of 3118596
 124483 words of memory out of 3000000
 7121 multiletter control sequences out of 15000+200000
 13039 words of font info for 37 fonts, out of 3000000 for 9000
 1141 hyphenation exceptions out of 8191
 41i,8n,31p,276b,361s stack positions out of 5000i,500n,10000p,200000b,50000s
 <C:\Users\Oscar Altamirano\AppData\Local\MiKTeX\2.9\fonts/pk/ljfour/jknappen
/ec/dpi600\ecbx1728.pk> <C:\Users\Oscar Altamirano\AppData\Local\MiKTeX\2.9\fon
ts/pk/ljfour/jknappen/ec/dpi600\ecbx1200.pk> <C:\Users\Oscar Altamirano\AppData
\Local\MiKTeX\2.9\fonts/pk/ljfour/jknappen/ec/dpi600\ecrm1200.pk> <C:\Users\Osc
ar Altamirano\AppData\Local\MiKTeX\2.9\fonts/pk/ljfour/jknappen/ec/dpi600\ecrm1
440.pk> <C:\Users\Oscar Altamirano\AppData\Local\MiKTeX\2.9\fonts/pk/ljfour/jkn
appen/ec/dpi600\ecrm2074.pk><C:/Users/Oscar Altamirano/AppData/Local/Programs/M
iKTeX 2.9/fonts/type1/public/amsfonts/cm/cmex10.pfb><C:/Users/Oscar Altamirano/
AppData/Local/Programs/MiKTeX 2.9/fonts/type1/public/amsfonts/cm/cmmi12.pfb><C:
/Users/Oscar Altamirano/AppData/Local/Programs/MiKTeX 2.9/fonts/type1/public/am
sfonts/cm/cmr12.pfb><C:/Users/Oscar Altamirano/AppData/Local/Programs/MiKTeX 2.
9/fonts/type1/public/amsfonts/cm/cmr8.pfb><C:/Users/Oscar Altamirano/AppData/Lo
cal/Programs/MiKTeX 2.9/fonts/type1/public/amsfonts/cm/cmsy10.pfb>
Output written on Tarea.2.pdf (5 pages, 247163 bytes).
PDF statistics:
 168 PDF objects out of 1000 (max. 8388607)
 0 named destinations out of 1000 (max. 500000)
 31 words of extra memory for PDF output out of 10000 (max. 10000000)

