This is pdfTeX, Version 3.14159265-2.6-1.40.20 (MiKTeX 2.9.7140 64-bit) (preloaded format=pdflatex 2019.9.17)  21 OCT 2019 20:02
entering extended mode
**./Tarea.6.tex
(Tarea.6.tex
LaTeX2e <2018-12-01>

("C:\Users\Oscar Altamirano\AppData\Local\Programs\MiKTeX 2.9\tex/latex/base\ar
ticle.cls"
Document Class: article 2018/09/03 v1.4i Standard LaTeX document class

("C:\Users\Oscar Altamirano\AppData\Local\Programs\MiKTeX 2.9\tex/latex/base\si
ze12.clo"
File: size12.clo 2018/09/03 v1.4i Standard LaTeX file (size option)
)
\c@part=\count80
\c@section=\count81
\c@subsection=\count82
\c@subsubsection=\count83
\c@paragraph=\count84
\c@subparagraph=\count85
\c@figure=\count86
\c@table=\count87
\abovecaptionskip=\skip41
\belowcaptionskip=\skip42
\bibindent=\dimen102
)
("C:\Users\Oscar Altamirano\AppData\Local\Programs\MiKTeX 2.9\tex/latex/base\fo
ntenc.sty"
Package: fontenc 2018/08/11 v2.0j Standard LaTeX package

("C:\Users\Oscar Altamirano\AppData\Local\Programs\MiKTeX 2.9\tex/latex/base\t1
enc.def"
File: t1enc.def 2018/08/11 v2.0j Standard LaTeX file
LaTeX Font Info:    Redeclaring font encoding T1 on input line 48.
))
("C:\Users\Oscar Altamirano\AppData\Local\Programs\MiKTeX 2.9\tex/latex/base\in
putenc.sty"
Package: inputenc 2018/08/11 v1.3c Input encoding file
\inpenc@prehook=\toks14
\inpenc@posthook=\toks15
)
("C:\Users\Oscar Altamirano\AppData\Local\Programs\MiKTeX 2.9\tex/generic/babel
\babel.sty"
Package: babel 2019/07/19 3.33 The Babel package

("C:\Users\Oscar Altamirano\AppData\Local\Programs\MiKTeX 2.9\tex/generic/babel
\switch.def"
File: switch.def 2019/07/19 3.33 Babel switching mechanism
)
*************************************
* Local config file bblopts.cfg used
*

("C:\Users\Oscar Altamirano\AppData\Local\Programs\MiKTeX 2.9\tex/latex/arabi\b
blopts.cfg"
File: bblopts.cfg 2005/09/08 v0.1 add Arabic and Farsi to "declared" options of
 babel
)
("C:\Users\Oscar Altamirano\AppData\Local\Programs\MiKTeX 2.9\tex/latex/babel-s
panish\spanish.ldf"
Language: spanish.ldf 2016/03/03 v5.0p Spanish support from the babel system

("C:\Users\Oscar Altamirano\AppData\Local\Programs\MiKTeX 2.9\tex/generic/babel
\babel.def"
File: babel.def 2019/07/19 3.33 Babel common definitions
\babel@savecnt=\count88
\U@D=\dimen103

("C:\Users\Oscar Altamirano\AppData\Local\Programs\MiKTeX 2.9\tex/generic/babel
\txtbabel.def")
\bbl@dirlevel=\count89
)
\es@quottoks=\toks16
\es@quotdepth=\count90
Package babel Info: Making " an active character on input line 561.
Package babel Info: Making . an active character on input line 662.
Package babel Info: Making < an active character on input line 707.
Package babel Info: Making > an active character on input line 707.
))
("C:\Users\Oscar Altamirano\AppData\Local\Programs\MiKTeX 2.9\tex/latex/graphic
s\graphicx.sty"
Package: graphicx 2017/06/01 v1.1a Enhanced LaTeX Graphics (DPC,SPQR)

("C:\Users\Oscar Altamirano\AppData\Local\Programs\MiKTeX 2.9\tex/latex/graphic
s\keyval.sty"
Package: keyval 2014/10/28 v1.15 key=value parser (DPC)
\KV@toks@=\toks17
)
("C:\Users\Oscar Altamirano\AppData\Local\Programs\MiKTeX 2.9\tex/latex/graphic
s\graphics.sty"
Package: graphics 2017/06/25 v1.2c Standard LaTeX Graphics (DPC,SPQR)

("C:\Users\Oscar Altamirano\AppData\Local\Programs\MiKTeX 2.9\tex/latex/graphic
s\trig.sty"
Package: trig 2016/01/03 v1.10 sin cos tan (DPC)
)
("C:\Users\Oscar Altamirano\AppData\Local\Programs\MiKTeX 2.9\tex/latex/graphic
s-cfg\graphics.cfg"
File: graphics.cfg 2016/06/04 v1.11 sample graphics configuration
)
Package graphics Info: Driver file: pdftex.def on input line 99.

("C:\Users\Oscar Altamirano\AppData\Local\Programs\MiKTeX 2.9\tex/latex/graphic
s-def\pdftex.def"
File: pdftex.def 2018/01/08 v1.0l Graphics/color driver for pdftex
))
\Gin@req@height=\dimen104
\Gin@req@width=\dimen105
) (Tarea.6.aux
LaTeX Info: Redefining \. on input line 6.
LaTeX Info: Redefining \% on input line 6.
)
\openout1 = `Tarea.6.aux'.

LaTeX Font Info:    Checking defaults for OML/cmm/m/it on input line 9.
LaTeX Font Info:    ... okay on input line 9.
LaTeX Font Info:    Checking defaults for T1/cmr/m/n on input line 9.
LaTeX Font Info:    ... okay on input line 9.
LaTeX Font Info:    Checking defaults for OT1/cmr/m/n on input line 9.
LaTeX Font Info:    ... okay on input line 9.
LaTeX Font Info:    Checking defaults for OMS/cmsy/m/n on input line 9.
LaTeX Font Info:    ... okay on input line 9.
LaTeX Font Info:    Checking defaults for OMX/cmex/m/n on input line 9.
LaTeX Font Info:    ... okay on input line 9.
LaTeX Font Info:    Checking defaults for U/cmr/m/n on input line 9.
LaTeX Font Info:    ... okay on input line 9.
LaTeX Info: Redefining \. on input line 9.
LaTeX Info: Redefining \% on input line 9.

("C:\Users\Oscar Altamirano\AppData\Local\Programs\MiKTeX 2.9\tex/context/base/
mkii\supp-pdf.mkii"
[Loading MPS to PDF converter (version 2006.09.02).]
\scratchcounter=\count91
\scratchdimen=\dimen106
\scratchbox=\box27
\nofMPsegments=\count92
\nofMParguments=\count93
\everyMPshowfont=\toks18
\MPscratchCnt=\count94
\MPscratchDim=\dimen107
\MPnumerator=\count95
\makeMPintoPDFobject=\count96
\everyMPtoPDFconversion=\toks19
)
("C:\Users\Oscar Altamirano\AppData\Local\Programs\MiKTeX 2.9\tex/latex/oberdie
k\epstopdf-base.sty"
Package: epstopdf-base 2016/05/15 v2.6 Base part for package epstopdf

("C:\Users\Oscar Altamirano\AppData\Local\Programs\MiKTeX 2.9\tex/generic/oberd
iek\infwarerr.sty"
Package: infwarerr 2016/05/16 v1.4 Providing info/warning/error messages (HO)
)
("C:\Users\Oscar Altamirano\AppData\Local\Programs\MiKTeX 2.9\tex/latex/oberdie
k\grfext.sty"
Package: grfext 2016/05/16 v1.2 Manage graphics extensions (HO)

("C:\Users\Oscar Altamirano\AppData\Local\Programs\MiKTeX 2.9\tex/generic/oberd
iek\kvdefinekeys.sty"
Package: kvdefinekeys 2016/05/16 v1.4 Define keys (HO)

("C:\Users\Oscar Altamirano\AppData\Local\Programs\MiKTeX 2.9\tex/generic/oberd
iek\ltxcmds.sty"
Package: ltxcmds 2016/05/16 v1.23 LaTeX kernel commands for general use (HO)
)))
("C:\Users\Oscar Altamirano\AppData\Local\Programs\MiKTeX 2.9\tex/latex/oberdie
k\kvoptions.sty"
Package: kvoptions 2016/05/16 v3.12 Key value format for package options (HO)

("C:\Users\Oscar Altamirano\AppData\Local\Programs\MiKTeX 2.9\tex/generic/oberd
iek\kvsetkeys.sty"
Package: kvsetkeys 2016/05/16 v1.17 Key value parser (HO)

("C:\Users\Oscar Altamirano\AppData\Local\Programs\MiKTeX 2.9\tex/generic/oberd
iek\etexcmds.sty"
Package: etexcmds 2016/05/16 v1.6 Avoid name clashes with e-TeX commands (HO)

("C:\Users\Oscar Altamirano\AppData\Local\Programs\MiKTeX 2.9\tex/generic/oberd
iek\ifluatex.sty"
Package: ifluatex 2016/05/16 v1.4 Provides the ifluatex switch (HO)
Package ifluatex Info: LuaTeX not detected.
))))
("C:\Users\Oscar Altamirano\AppData\Local\Programs\MiKTeX 2.9\tex/generic/oberd
iek\pdftexcmds.sty"
Package: pdftexcmds 2019/07/25 v0.30 Utility functions of pdfTeX for LuaTeX (HO
)

("C:\Users\Oscar Altamirano\AppData\Local\Programs\MiKTeX 2.9\tex/generic/oberd
iek\ifpdf.sty"
Package: ifpdf 2018/09/07 v3.3 Provides the ifpdf switch
)
Package pdftexcmds Info: LuaTeX not detected.
Package pdftexcmds Info: \pdf@primitive is available.
Package pdftexcmds Info: \pdf@ifprimitive is available.
Package pdftexcmds Info: \pdfdraftmode found.
)
Package epstopdf-base Info: Redefining graphics rule for `.eps' on input line 4
38.
Package grfext Info: Graphics extension search list:
(grfext)             [.pdf,.png,.jpg,.mps,.jpeg,.jbig2,.jb2,.PDF,.PNG,.JPG,.JPE
G,.JBIG2,.JB2,.eps]
(grfext)             \AppendGraphicsExtensions on input line 456.
)
LaTeX Font Info:    External font `cmex10' loaded for size
(Font)              <14.4> on input line 10.
LaTeX Font Info:    External font `cmex10' loaded for size
(Font)              <7> on input line 10.

Overfull \hbox (23.72118pt too wide) in paragraph at lines 10--10
 [][] 
 []

<../../../FotosdeLatex/LOGO.jpg, id=1, 155.83218pt x 180.675pt>
File: ../../../FotosdeLatex/LOGO.jpg Graphic file (type jpg)
<use ../../../FotosdeLatex/LOGO.jpg>
Package pdftex.def Info: ../../../FotosdeLatex/LOGO.jpg  used on input line 13.

(pdftex.def)             Requested size: 284.52756pt x 329.92622pt.
[1

{C:/Users/Oscar Altamirano/AppData/Local/MiKTeX/2.9/pdftex/config/pdftex.map} <
../../../FotosdeLatex/LOGO.jpg>]

LaTeX Warning: Citation `ocw.ehu.eus2015' on page 2 undefined on input line 16.


<../../../FotosdeLatex/Captura20.PNG, id=9, 548.80031pt x 335.75438pt>
File: ../../../FotosdeLatex/Captura20.PNG Graphic file (type png)
<use ../../../FotosdeLatex/Captura20.PNG>
Package pdftex.def Info: ../../../FotosdeLatex/Captura20.PNG  used on input lin
e 17.
(pdftex.def)             Requested size: 426.79134pt x 261.11375pt.
<../../../FotosdeLatex/Captura21.PNG, id=11, 544.28343pt x 318.43968pt>
File: ../../../FotosdeLatex/Captura21.PNG Graphic file (type png)
<use ../../../FotosdeLatex/Captura21.PNG>
Package pdftex.def Info: ../../../FotosdeLatex/Captura21.PNG  used on input lin
e 18.
(pdftex.def)             Requested size: 426.79134pt x 249.69873pt.
<../../../FotosdeLatex/Captura22.PNG, id=12, 506.6428pt x 317.68687pt>
File: ../../../FotosdeLatex/Captura22.PNG Graphic file (type png)
<use ../../../FotosdeLatex/Captura22.PNG>
Package pdftex.def Info: ../../../FotosdeLatex/Captura22.PNG  used on input lin
e 19.
(pdftex.def)             Requested size: 426.79134pt x 267.62105pt.
<../../../FotosdeLatex/Captura23.PNG, id=13, 521.69907pt x 310.91156pt>
File: ../../../FotosdeLatex/Captura23.PNG Graphic file (type png)
<use ../../../FotosdeLatex/Captura23.PNG>
Package pdftex.def Info: ../../../FotosdeLatex/Captura23.PNG  used on input lin
e 20.
(pdftex.def)             Requested size: 426.79134pt x 254.35135pt.
<../../../FotosdeLatex/Captura24.PNG, id=14, 485.56406pt x 301.8778pt>
File: ../../../FotosdeLatex/Captura24.PNG Graphic file (type png)
<use ../../../FotosdeLatex/Captura24.PNG>
Package pdftex.def Info: ../../../FotosdeLatex/Captura24.PNG  used on input lin
e 21.
(pdftex.def)             Requested size: 426.79134pt x 265.33545pt.
<../../../FotosdeLatex/Captura25.PNG, id=15, 476.53032pt x 294.34969pt>
File: ../../../FotosdeLatex/Captura25.PNG Graphic file (type png)
<use ../../../FotosdeLatex/Captura25.PNG>
Package pdftex.def Info: ../../../FotosdeLatex/Captura25.PNG  used on input lin
e 22.
(pdftex.def)             Requested size: 426.79134pt x 263.64119pt.
<../../../FotosdeLatex/Captura26.PNG, id=16, 465.23813pt x 312.41719pt>
File: ../../../FotosdeLatex/Captura26.PNG Graphic file (type png)
<use ../../../FotosdeLatex/Captura26.PNG>
Package pdftex.def Info: ../../../FotosdeLatex/Captura26.PNG  used on input lin
e 23.
(pdftex.def)             Requested size: 426.79134pt x 286.60735pt.
<../../../FotosdeLatex/Captura27.PNG, id=17, 484.81125pt x 304.13625pt>
File: ../../../FotosdeLatex/Captura27.PNG Graphic file (type png)
<use ../../../FotosdeLatex/Captura27.PNG>
Package pdftex.def Info: ../../../FotosdeLatex/Captura27.PNG  used on input lin
e 24.
(pdftex.def)             Requested size: 426.79134pt x 267.75209pt.
<../../../FotosdeLatex/Captura28.PNG, id=18, 472.76625pt x 301.125pt>
File: ../../../FotosdeLatex/Captura28.PNG Graphic file (type png)
<use ../../../FotosdeLatex/Captura28.PNG>
Package pdftex.def Info: ../../../FotosdeLatex/Captura28.PNG  used on input lin
e 25.
(pdftex.def)             Requested size: 426.79134pt x 271.84624pt.
<../../../FotosdeLatex/Captura29.PNG, id=19, 450.18187pt x 292.09125pt>
File: ../../../FotosdeLatex/Captura29.PNG Graphic file (type png)
<use ../../../FotosdeLatex/Captura29.PNG>
Package pdftex.def Info: ../../../FotosdeLatex/Captura29.PNG  used on input lin
e 26.
(pdftex.def)             Requested size: 426.79134pt x 276.92798pt.
<../../../FotosdeLatex/Captura30.PNG, id=20, 483.30562pt x 304.88907pt>
File: ../../../FotosdeLatex/Captura30.PNG Graphic file (type png)
<use ../../../FotosdeLatex/Captura30.PNG>
Package pdftex.def Info: ../../../FotosdeLatex/Captura30.PNG  used on input lin
e 27.
(pdftex.def)             Requested size: 426.79134pt x 269.2476pt.
No file Tarea.6.bbl.

Overfull \hbox (36.79134pt too wide) in paragraph at lines 16--32
[] 
 []


Overfull \hbox (36.79134pt too wide) in paragraph at lines 16--32
[] 
 []


Overfull \hbox (36.79134pt too wide) in paragraph at lines 16--32
[] 
 []


Overfull \hbox (36.79134pt too wide) in paragraph at lines 16--32
[] 
 []


Overfull \hbox (36.79134pt too wide) in paragraph at lines 16--32
[] 
 []


Overfull \hbox (36.79134pt too wide) in paragraph at lines 16--32
[] 
 []


Overfull \hbox (36.79134pt too wide) in paragraph at lines 16--32
[] 
 []


Overfull \hbox (36.79134pt too wide) in paragraph at lines 16--32
[] 
 []


Overfull \hbox (36.79134pt too wide) in paragraph at lines 16--32
[] 
 []


Overfull \hbox (36.79134pt too wide) in paragraph at lines 16--32
[] 
 []


Overfull \hbox (36.79134pt too wide) in paragraph at lines 16--32
[] 
 []

[2 <../../../FotosdeLatex/Captura20.PNG> <../../../FotosdeLatex/Captura21.PNG>]
[3 <../../../FotosdeLatex/Captura22.PNG> <../../../FotosdeLatex/Captura23.PNG>]
[4 <../../../FotosdeLatex/Captura24.PNG> <../../../FotosdeLatex/Captura25.PNG>]
[5 <../../../FotosdeLatex/Captura26.PNG>] [6 <../../../FotosdeLatex/Captura27.P
NG> <../../../FotosdeLatex/Captura28.PNG>] [7 <../../../FotosdeLatex/Captura29.
PNG> <../../../FotosdeLatex/Captura30.PNG>] [8] (Tarea.6.aux
LaTeX Info: Redefining \. on input line 6.
LaTeX Info: Redefining \% on input line 6.
)

LaTeX Warning: There were undefined references.

 ) 
Here is how much of TeX's memory you used:
 2653 strings out of 492895
 39053 string characters out of 3118596
 106833 words of memory out of 3000000
 6542 multiletter control sequences out of 15000+200000
 7931 words of font info for 22 fonts, out of 3000000 for 9000
 1141 hyphenation exceptions out of 8191
 41i,6n,31p,276b,361s stack positions out of 5000i,500n,10000p,200000b,50000s
 <C:\Users\Oscar Altamirano\AppData\Local\MiKTeX\2.9\fonts/pk/ljfour/jknappen
/ec/dpi600\ecbx1200.pk> <C:\Users\Oscar Altamirano\AppData\Local\MiKTeX\2.9\fon
ts/pk/ljfour/jknappen/ec/dpi600\ecrm1200.pk> <C:\Users\Oscar Altamirano\AppData
\Local\MiKTeX\2.9\fonts/pk/ljfour/jknappen/ec/dpi600\ecrm1440.pk> <C:\Users\Osc
ar Altamirano\AppData\Local\MiKTeX\2.9\fonts/pk/ljfour/jknappen/ec/dpi600\ecrm2
074.pk>
Output written on Tarea.6.pdf (8 pages, 891091 bytes).
PDF statistics:
 121 PDF objects out of 1000 (max. 8388607)
 0 named destinations out of 1000 (max. 500000)
 61 words of extra memory for PDF output out of 10000 (max. 10000000)

